d:\riadh\workshop\workspace_cpp\tradingplatform\x64\release\vc143.pdb
d:\riadh\workshop\workspace_cpp\tradingplatform\x64\release\tradingplatform_def.obj
d:\riadh\workshop\workspace_cpp\tradingplatform\x64\release\tradingplatform.obj
d:\riadh\workshop\workspace_cpp\tradingplatform\x64\release\trader_io.obj
d:\riadh\workshop\workspace_cpp\tradingplatform\x64\release\trader_db.obj
d:\riadh\workshop\workspace_cpp\tradingplatform\x64\release\trader.obj
d:\riadh\workshop\workspace_cpp\tradingplatform\x64\release\order.obj
d:\riadh\workshop\workspace_cpp\tradingplatform\x64\release\mysqlconnector.obj
d:\riadh\workshop\workspace_cpp\tradingplatform\x64\release\instrument.obj
d:\riadh\workshop\workspace_cpp\tradingplatform\x64\release\tradingplatform.lib
d:\riadh\workshop\workspace_cpp\tradingplatform\x64\release\tradingplatform.exp
d:\riadh\workshop\workspace_cpp\tradingplatform\x64\release\tradingplatform.ipdb
d:\riadh\workshop\workspace_cpp\tradingplatform\x64\release\tradingplatform.iobj
d:\riadh\workshop\workspace_cpp\tradingplatform\x64\release\tradingplatform.exe
d:\riadh\workshop\workspace_cpp\tradingplatform\x64\release\tradingplatform.pdb
d:\riadh\workshop\workspace_cpp\tradingplatform\x64\release\tradingplatform.res
d:\riadh\workshop\workspace_cpp\tradingplatform\x64\release\tradingplatform.tlog\cl.command.1.tlog
d:\riadh\workshop\workspace_cpp\tradingplatform\x64\release\tradingplatform.tlog\cl.items.tlog
d:\riadh\workshop\workspace_cpp\tradingplatform\x64\release\tradingplatform.tlog\cl.read.1.tlog
d:\riadh\workshop\workspace_cpp\tradingplatform\x64\release\tradingplatform.tlog\cl.write.1.tlog
d:\riadh\workshop\workspace_cpp\tradingplatform\x64\release\tradingplatform.tlog\link.command.1.tlog
d:\riadh\workshop\workspace_cpp\tradingplatform\x64\release\tradingplatform.tlog\link.read.1.tlog
d:\riadh\workshop\workspace_cpp\tradingplatform\x64\release\tradingplatform.tlog\link.write.1.tlog
d:\riadh\workshop\workspace_cpp\tradingplatform\x64\release\tradingplatform.tlog\link.write.2u.tlog
d:\riadh\workshop\workspace_cpp\tradingplatform\x64\release\tradingplatform.tlog\rc.command.1.tlog
d:\riadh\workshop\workspace_cpp\tradingplatform\x64\release\tradingplatform.tlog\rc.read.1.tlog
d:\riadh\workshop\workspace_cpp\tradingplatform\x64\release\tradingplatform.tlog\rc.write.1.tlog
