d:\riadh\workshop\workspace_cpp\tradingplatform\x64\debug\vc143.pdb
d:\riadh\workshop\workspace_cpp\tradingplatform\x64\debug\vc143.idb
d:\riadh\workshop\workspace_cpp\tradingplatform\x64\debug\tradingplatform_def.obj
d:\riadh\workshop\workspace_cpp\tradingplatform\x64\debug\tradingplatform.obj
d:\riadh\workshop\workspace_cpp\tradingplatform\x64\debug\trader_io.obj
d:\riadh\workshop\workspace_cpp\tradingplatform\x64\debug\trader.obj
d:\riadh\workshop\workspace_cpp\tradingplatform\x64\debug\order.obj
d:\riadh\workshop\workspace_cpp\tradingplatform\x64\debug\instrument.obj
d:\riadh\workshop\workspace_cpp\tradingplatform\x64\debug\mysqlconnector.obj
d:\riadh\workshop\workspace_cpp\tradingplatform\x64\debug\trader_db.obj
d:\riadh\workshop\workspace_cpp\tradingplatform\x64\debug\tradingplatform.res
d:\riadh\workshop\workspace_cpp\tradingplatform\x64\debug\tradingplatform.tlog\cl.command.1.tlog
d:\riadh\workshop\workspace_cpp\tradingplatform\x64\debug\tradingplatform.tlog\cl.read.1.tlog
d:\riadh\workshop\workspace_cpp\tradingplatform\x64\debug\tradingplatform.tlog\cl.write.1.tlog
d:\riadh\workshop\workspace_cpp\tradingplatform\x64\debug\tradingplatform.tlog\link.command.1.tlog
d:\riadh\workshop\workspace_cpp\tradingplatform\x64\debug\tradingplatform.tlog\link.read.1.tlog
d:\riadh\workshop\workspace_cpp\tradingplatform\x64\debug\tradingplatform.tlog\link.write.1.tlog
d:\riadh\workshop\workspace_cpp\tradingplatform\x64\debug\tradingplatform.tlog\rc.command.1.tlog
d:\riadh\workshop\workspace_cpp\tradingplatform\x64\debug\tradingplatform.tlog\rc.read.1.tlog
d:\riadh\workshop\workspace_cpp\tradingplatform\x64\debug\tradingplatform.tlog\rc.write.1.tlog
